<?xml version="1.0" encoding="UTF-8"?>
<testsuite name="tests.FirstJUnitTest" tests="2" skipped="0" failures="0" errors="0" timestamp="2022-02-13T15:03:02" hostname="DESKTOP-QS6IOTH" time="0.027">
  <properties/>
  <testcase name="textTest()" classname="tests.FirstJUnitTest" time="0.024"/>
  <testcase name="videoTest()" classname="tests.FirstJUnitTest" time="0.002"/>
  <system-out><![CDATA[Р­С‚РѕС‚ РјРµС‚РѕРґ РІС‹РїРѕР»РЅСЏРµС‚СЃСЏ РїРµСЂРµРґ РІСЃРµРјРё С‚РµСЃС‚Р°РјРё!
    Р­С‚РѕС‚ РјРµС‚РѕРґ РІС‹РїРѕР»РЅСЏРµС‚СЃСЏ РїРµСЂРµРґ РєР°Р¶РґС‹Рј С‚РµСЃС‚РѕРј!
        Р­С‚Рѕ РїРµСЂРІС‹Р№ С‚РµСЃС‚!
    Р­С‚РѕС‚ РјРµС‚РѕРґ РІС‹РїРѕР»РЅСЏРµС‚СЃСЏ РїРѕСЃР»Рµ РєР°Р¶РґРѕРіРѕ С‚РµСЃС‚Р°!
    Р­С‚РѕС‚ РјРµС‚РѕРґ РІС‹РїРѕР»РЅСЏРµС‚СЃСЏ РїРµСЂРµРґ РєР°Р¶РґС‹Рј С‚РµСЃС‚РѕРј!
        Р­С‚Рѕ РІС‚РѕСЂРѕР№ С‚РµСЃС‚!
    Р­С‚РѕС‚ РјРµС‚РѕРґ РІС‹РїРѕР»РЅСЏРµС‚СЃСЏ РїРѕСЃР»Рµ РєР°Р¶РґРѕРіРѕ С‚РµСЃС‚Р°!
Р­С‚РѕС‚ РјРµС‚РѕРґ РІС‹РїРѕР»РЅСЏРµС‚СЃСЏ РїРѕСЃР»Рµ РІСЃРµС… С‚РµСЃС‚РѕРІ!
]]></system-out>
  <system-err><![CDATA[]]></system-err>
</testsuite>
